Log file open, 07/17/22 14:23:51
AppSettings: Version: 14.1.3-21080262+++Portal+Release-Live
AppSettings: CommandLine: "D:\Games\Epic Games\Launcher\Portal\Binaries\Win64\EpicGamesLauncher.exe" -silent
AppSettings: RunningCommandlet: false
AppSettings: ForwardMessage: false
AppSettings: ForcedRestart: false
AppSettings: bAllowMultipleInstances: false
AppSettings: bBootstrap: false
AppSettings: bSilent: true
AppSettings: bForceDeprecated: false
AppSettings: bDoesCompiledPlatformMatch: true
AppSettings: bIsUnattended: false
AppSettings: bAllowFullAppTesting: false
AppSettings: bIsExecutingAutomation: false
AppSettings: Mode: default
LogInit: WinPlatform: User is admin: true
LogInit: WinPlatform: Process ran as admin: false
LogInit: WinPlatform: Process is elevated: false
LogInit: WinPlatform: Process integrity level: Medium
LogInit: WinPlatform: Running 64bit App: true
LogInit: WinPlatform: Running 64bit OS: true
LogPlatformFile: Not using cached read wrapper
LogTaskGraph: Started task graph with 4 named threads and 18 total threads with 1 sets of task threads.
LogICUInternationalization: ICU TimeZone Detection - Raw Offset: +10:00, Platform Override: ''
LogInit: Build: 14.1.3-21080262+++Portal+Release-Live
LogInit: Engine Version: 4.23.0-21080262+++Portal+Release-Live
LogInit: Compatible Engine Version: 4.23.0-21080262+++Portal+Release-Live
LogInit: Net CL: 21080262
LogInit: OS: Windows 10 (Release 2009) (), CPU: AMD Ryzen 7 5800X 8-Core Processor             , GPU: NVIDIA GeForce RTX 3070 Ti
LogInit: Compiled (64-bit): Jul 13 2022 20:52:52
LogInit: Compiled with Visual C++: 19.16.27030.01
LogInit: Build Configuration: Shipping
LogInit: Branch Name: ++Portal+Release-Live
LogInit: Display: Command Line: "D:\Games\Epic Games\Launcher\Portal\Binaries\Win64\EpicGamesLauncher.exe" -silent -SaveToUserDir -Messaging -enablehighdpi
LogInit: Base Directory: D:/Games/Epic Games/Launcher/Portal/Binaries/Win64/
LogInit: Installed Engine Build: 1
LogInit: Presizing for max 100000 objects, including 0 objects not considered by GC, pre-allocating 0 bytes for permanent pool.
LogInit: Object subsystem initialized
LogConfig: Applying CVar settings from Section [ConsoleVariables] File [C:/Users/srink/AppData/Local/EpicGamesLauncher/Saved/Config/Windows/Engine.ini]
[2022.07.17-04.23.51:164][  0]LogInit: Computer: SRINITHISHPC
[2022.07.17-04.23.51:164][  0]LogInit: User: srink
[2022.07.17-04.23.51:164][  0]LogInit: CPU Page size=4096, Cores=8
[2022.07.17-04.23.51:164][  0]LogInit: High frequency timer resolution =10.000000 MHz
[2022.07.17-04.23.51:164][  0]LogMemory: Memory total: Physical=31.9GB (32GB approx)
[2022.07.17-04.23.51:164][  0]LogMemory: Platform Memory Stats for Windows
[2022.07.17-04.23.51:164][  0]LogMemory: Process Physical Memory: 29.37 MB used, 29.37 MB peak
[2022.07.17-04.23.51:164][  0]LogMemory: Process Virtual Memory: 52.84 MB used, 52.84 MB peak
[2022.07.17-04.23.51:164][  0]LogMemory: Physical Memory: 6956.25 MB used,  25715.74 MB free, 32671.99 MB total
[2022.07.17-04.23.51:164][  0]LogMemory: Virtual Memory: 4344.60 MB used,  134213384.00 MB free, 134217728.00 MB total
[2022.07.17-04.23.51:233][  0]LogAssetRegistry: FAssetRegistry took 0.0004 seconds to start up
[2022.07.17-04.23.51:234][  0]LogUObjectArray: 2327 objects as part of root set at end of initial load.
[2022.07.17-04.23.51:234][  0]LogUObjectAllocator: 343376 out of 0 bytes used by permanent object pool.
[2022.07.17-04.23.51:234][  0]LogUObjectArray: CloseDisregardForGC: 0/0 objects in disregard for GC pool
[2022.07.17-04.23.51:234][  0]LogInit: Using OS detected language (en-US).
[2022.07.17-04.23.51:234][  0]LogInit: Using OS detected locale (en-AU).
[2022.07.17-04.23.51:234][  0]LogTextLocalizationManager: No specific localization for 'en-US' exists, so the 'en' localization will be used.
[2022.07.17-04.23.51:235][  0]LogInit: Using OS detected language (en-US).
[2022.07.17-04.23.51:235][  0]LogInit: Using OS detected locale (en-AU).
[2022.07.17-04.23.51:235][  0]LogTextLocalizationManager: No specific localization for 'en-US' exists, so the 'en' localization will be used.
[2022.07.17-04.23.51:268][  0]LogTextLocalizationManager: Compacting localization data took   0.10ms
[2022.07.17-04.23.51:269][  0]LogPackageLocalizationCache: Processed 2 localized package path(s) for 1 prioritized culture(s) in 0.000064 seconds
[2022.07.17-04.23.51:326][  0]LogTaskGraph: Started task graph with 4 named threads and 18 total threads with 1 sets of task threads.
[2022.07.17-04.23.51:683][  0]LogInit: Using libcurl 7.55.1-DEV
[2022.07.17-04.23.51:683][  0]LogInit:  - built for x86_64-pc-win32
[2022.07.17-04.23.51:683][  0]LogInit:  - supports SSL with OpenSSL/1.1.1
[2022.07.17-04.23.51:683][  0]LogInit:  - supports HTTP deflate (compression) using libz 1.2.8
[2022.07.17-04.23.51:683][  0]LogInit:  - other features:
[2022.07.17-04.23.51:683][  0]LogInit:      CURL_VERSION_SSL
[2022.07.17-04.23.51:683][  0]LogInit:      CURL_VERSION_LIBZ
[2022.07.17-04.23.51:683][  0]LogInit:      CURL_VERSION_IPV6
[2022.07.17-04.23.51:683][  0]LogInit:      CURL_VERSION_ASYNCHDNS
[2022.07.17-04.23.51:683][  0]LogInit:      CURL_VERSION_LARGEFILE
[2022.07.17-04.23.51:683][  0]LogInit:      CURL_VERSION_IDN
[2022.07.17-04.23.51:685][  0]LogInit:  CurlRequestOptions (configurable via config and command line):
[2022.07.17-04.23.51:685][  0]LogInit:  - bVerifyPeer = true  - Libcurl will verify peer certificate
[2022.07.17-04.23.51:685][  0]LogInit:  - bUseHttpProxy = false  - Libcurl will NOT use HTTP proxy
[2022.07.17-04.23.51:685][  0]LogInit:  - bDontReuseConnections = false  - Libcurl will reuse connections
[2022.07.17-04.23.51:685][  0]LogInit:  - MaxHostConnections = 0  - Libcurl will NOT limit the number of connections to a host
[2022.07.17-04.23.51:685][  0]LogInit:  - LocalHostAddr = Default
[2022.07.17-04.23.51:685][  0]LogInit:  - BufferSize = 65536
[2022.07.17-04.24.01:017][  0]LogSlate: Using FreeType 2.6.0
[2022.07.17-04.24.01:045][  0]LogSlate: SlateFontServices - WITH_FREETYPE: 1, WITH_HARFBUZZ: 1
[2022.07.17-04.24.01:107][  0]LogSlate: New Slate User Created.  User Index 0, Is Virtual User: 0
[2022.07.17-04.24.01:108][  0]LogSlate: Slate User Registered.  User Index 0, Is Virtual User: 0
[2022.07.17-04.24.01:111][  0]LogWindows: EnumDisplayDevices:
[2022.07.17-04.24.01:111][  0]LogWindows:    0. 'NVIDIA GeForce RTX 3070 Ti' (P:1 D:1)
[2022.07.17-04.24.01:111][  0]LogWindows:    1. 'NVIDIA GeForce RTX 3070 Ti' (P:0 D:1)
[2022.07.17-04.24.01:112][  0]LogWindows:    2. 'NVIDIA GeForce RTX 3070 Ti' (P:0 D:0)
[2022.07.17-04.24.01:112][  0]LogWindows:    3. 'NVIDIA GeForce RTX 3070 Ti' (P:0 D:0)
[2022.07.17-04.24.01:112][  0]LogWindows: DebugString: FoundDriverCount:4 
[2022.07.17-04.24.02:085][  0]Portal: Constructing App Data Access Layer
[2022.07.17-04.24.02:109][  0]LogBuildInfoRepository: Using LauncherLabel Live-Firebrand
[2022.07.17-04.24.02:217][  0]LogSelfUpdateService: Initialising for EpicGamesLauncher:EpicGamesLauncher:EpicGamesLauncher:14.1.3-21080262+++Portal+Release-Live-Windows.
[2022.07.17-04.24.02:513][  0]LogStreaming: Warning: Failed to read file 'C:/ProgramData/Epic/EpicGamesLauncher/Data/LauncherUpdate.manifest' error.
[2022.07.17-04.24.02:513][  0]LogGeForceNowManager: GeForceNow SDK initialized: 1
[2022.07.17-04.24.02:513][  0]LogGeForceNowManager: GeForceNow SDK is running in cloud state: false
[2022.07.17-04.24.02:513][  0]Portal: Constructing App Domain Layer
[2022.07.17-04.24.02:521][  0]LogWebBrowser: Registering ContextId=TEMP.
[2022.07.17-04.24.02:524][  0]LogPortal: Error: Offline user settings decoding failed
[2022.07.17-04.24.02:547][  0]WinPlatform: Checking if shortcut exists. LinkPath: C:\ProgramData\Microsoft\Windows\Start Menu\Programs\Epic Games Launcher.lnk LinkTargetPath: D:\Games\Epic Games\Launcher\Engine\Binaries\Win64\UnrealEngineLauncher.exe LinkWorkingDir: D:\Games\Epic Games.
[2022.07.17-04.24.02:550][  0]WinPlatform: Found existing shortcut. ExistingLinkTargetPath: D:\Games\Epic Games\Launcher\Portal\Binaries\Win32\EpicGamesLauncher.exe ExistingLinkWorkingDir: D:\Games\Epic Games
[2022.07.17-04.24.02:550][  0]WinPlatform: Found matching shortcut: false
[2022.07.17-04.24.02:550][  0]WinPlatform: Checking if shortcut exists. LinkPath: C:\ProgramData\Microsoft\Windows\Start Menu\Programs\Epic Games Launcher.lnk LinkTargetPath: D:\Games\Epic Games\Launcher\Engine\Binaries\Win32\EpicGamesLauncher.exe LinkWorkingDir: D:\Games\Epic Games.
[2022.07.17-04.24.02:550][  0]WinPlatform: Found existing shortcut. ExistingLinkTargetPath: D:\Games\Epic Games\Launcher\Portal\Binaries\Win32\EpicGamesLauncher.exe ExistingLinkWorkingDir: D:\Games\Epic Games
[2022.07.17-04.24.02:550][  0]WinPlatform: Found matching shortcut: false
[2022.07.17-04.24.02:550][  0]WinPlatform: Checking if shortcut exists. LinkPath: C:\ProgramData\Microsoft\Windows\Start Menu\Programs\Epic Games Launcher.lnk LinkTargetPath: D:\Games\Epic Games\Launcher\Engine\Binaries\Win64\EpicGamesLauncher.exe LinkWorkingDir: D:\Games\Epic Games.
[2022.07.17-04.24.02:550][  0]WinPlatform: Found existing shortcut. ExistingLinkTargetPath: D:\Games\Epic Games\Launcher\Portal\Binaries\Win32\EpicGamesLauncher.exe ExistingLinkWorkingDir: D:\Games\Epic Games
[2022.07.17-04.24.02:550][  0]WinPlatform: Found matching shortcut: false
[2022.07.17-04.24.02:550][  0]WinPlatform: Checking if shortcut exists. LinkPath: C:\ProgramData\Microsoft\Windows\Start Menu\Programs\Epic Games Launcher.lnk LinkTargetPath: D:\Games\Epic Games\Launcher\Portal\Binaries\Win32\EpicGamesLauncher.exe LinkWorkingDir: D:\Games\Epic Games.
[2022.07.17-04.24.02:550][  0]WinPlatform: Found existing shortcut. ExistingLinkTargetPath: D:\Games\Epic Games\Launcher\Portal\Binaries\Win32\EpicGamesLauncher.exe ExistingLinkWorkingDir: D:\Games\Epic Games
[2022.07.17-04.24.02:550][  0]WinPlatform: Found matching shortcut: true
[2022.07.17-04.24.02:550][  0]FCommunityPortalWinPlatform::GetApplicationPerformanceState failed not supported [Err:87]
[2022.07.17-04.24.02:590][  0]LogCommunityPortalAppManager: FCommunityPortalEnumerateInstalledRunnable: Discovered 4 item files.
[2022.07.17-04.24.02:591][  0]LogCommunityPortalAppManager: FCommunityPortalEnumerateInstalledRunnable: Loaded 4 sidecars in 0.0 secs
[2022.07.17-04.24.02:591][  0]Manifest Check: 0x000002D699095380 fn:4fe75bbc5a674f4f9b356b5c90567da5:Fortnite:++Fortnite+Release-21.20-CL-21035704-Windows CPAM Line: 3421 Desc: HandleInstalledManifestReceived 
[2022.07.17-04.24.02:591][  0]LogCommunityPortalAppManager: FCommunityPortalAppManagerImpl: Found Installed Manifest for fn:4fe75bbc5a674f4f9b356b5c90567da5:Fortnite:++Fortnite+Release-21.20-CL-21035704-Windows
[2022.07.17-04.24.02:591][  0]LogCommunityPortalAppManager: FCommunityPortalAppManagerImpl: Keeping discovered manifest
[2022.07.17-04.24.02:591][  0]Manifest Check: 0x000002D699095560 50118b7f954e450f8823df1614b24e80:38ec4849ea4f4de6aa7b6fb0f2d278e1:0a2d9f6403244d12969e11da6713137b:EGS_1224 CPAM Line: 3421 Desc: HandleInstalledManifestReceived 
[2022.07.17-04.24.02:591][  0]LogCommunityPortalAppManager: FCommunityPortalAppManagerImpl: Found Installed Manifest for 50118b7f954e450f8823df1614b24e80:38ec4849ea4f4de6aa7b6fb0f2d278e1:0a2d9f6403244d12969e11da6713137b:EGS_1224
[2022.07.17-04.24.02:591][  0]LogCommunityPortalAppManager: FCommunityPortalAppManagerImpl: Keeping discovered manifest
[2022.07.17-04.24.02:591][  0]Manifest Check: 0x000002D699095420 9773aa1aa54f4f7b80e44bef04986cea:530145df28a24424923f5828cc9031a1:Sugar:BC2_Update38.1+387280 CPAM Line: 3421 Desc: HandleInstalledManifestReceived 
[2022.07.17-04.24.02:591][  0]LogCommunityPortalAppManager: FCommunityPortalAppManagerImpl: Found Installed Manifest for 9773aa1aa54f4f7b80e44bef04986cea:530145df28a24424923f5828cc9031a1:Sugar:BC2_Update38.1+387280
[2022.07.17-04.24.02:591][  0]LogCommunityPortalAppManager: FCommunityPortalAppManagerImpl: Keeping discovered manifest
[2022.07.17-04.24.02:591][  0]Manifest Check: 0x000002D6990954C0 catnip:5cf86732e2744fec98a1c8a077d9f3a8:Catnip:1.0.22_CL_2799063_Borderlands_3 CPAM Line: 3421 Desc: HandleInstalledManifestReceived 
[2022.07.17-04.24.02:591][  0]LogCommunityPortalAppManager: FCommunityPortalAppManagerImpl: Adding to incomplete manifests
[2022.07.17-04.24.02:591][  0]Manifest Check: 0x000002D6990954C0 catnip:5cf86732e2744fec98a1c8a077d9f3a8:Catnip:1.0.22_CL_2799063_Borderlands_3 CPAM Line: 1446 Desc: AddIncompleteInstallManifest 
[2022.07.17-04.24.02:591][  0]LogEOSInstallService: Detected valid EOS installation at path C:\Program Files (x86)\Epic Games\Epic Online Services\service\EpicOnlineServicesHost.exe.
[2022.07.17-04.24.02:591][  0]LogEOSInstallService: EOS detected during initialization: true.
[2022.07.17-04.24.02:591][  0]LogInit: WinSock: version 1.1 (2.2), MaxSocks=32767, MaxUdp=65467
[2022.07.17-04.24.02:971][  0]Portal: Constructing App SysTrayPresentation Layer
[2022.07.17-04.24.02:972][  0]Portal: Constructing App Presentation Layer
[2022.07.17-04.24.02:973][  0]FCommunityPortalManagerImpl::SetUnrealEnginePortalViewModel UEPVM:2
[2022.07.17-04.24.02:973][  0]Portal: Constructing App System Tray UI Layer
[2022.07.17-04.24.03:101][  4]FCommunityPortalManagerImpl: Change State CPManagerState_Init->CPManagerState_UserLogin
[2022.07.17-04.24.03:101][  4][SignInRouter] GoToUrl('/id/login')
[2022.07.17-04.24.03:101][  4][SignInRouter]    Resolved To: '/id/login'
[2022.07.17-04.24.03:101][  4][SignInRouter]    Best Match: invalid - [0] states compared
[2022.07.17-04.24.03:101][  4][SignInRouter]    Navigation Canceled.
[2022.07.17-04.24.03:101][  4][SignInRouter] GoToUrl('/id/login')
[2022.07.17-04.24.03:101][  4][SignInRouter]    Resolved To: '/id/login'
[2022.07.17-04.24.03:101][  4][SignInRouter]    Best Match: invalid - [0] states compared
[2022.07.17-04.24.03:101][  4][SignInRouter]    Navigation Canceled.
[2022.07.17-04.24.03:240][  7]FCommunityPortalManagerImpl: Change State CPManagerState_UserLogin->CPManagerState_SelfUpdateCheck
[2022.07.17-04.24.04:497][ 34]LogSelfUpdateService: Launcher build response EpicGamesLauncher:EpicGamesLauncher:EpicGamesLauncher:14.1.3-21080262+++Portal+Release-Live-Windows.
[2022.07.17-04.24.04:497][ 34]LogSelfUpdateService: Launcher is up-to-date with the latest available version.
[2022.07.17-04.24.04:497][ 34]LogSelfUpdateService: Waiting for next version update.
[2022.07.17-04.24.04:497][ 34]LogEmsContentProvider: Content build response EpicGamesLauncherContent:EpicGamesLauncherContent:EpicGamesLauncherContent:++Portal+Main+prod-CL-21111892-Windows.
[2022.07.17-04.24.04:497][ 34]FCommunityPortalManagerImpl: Change State CPManagerState_SelfUpdateCheck->CPManagerState_WaitEms
[2022.07.17-04.24.04:558][ 35]LogBuildPatchServices: Build Config: InstallerId: C8BD5A4E4382B3A72991FBB82688E041
[2022.07.17-04.24.04:558][ 35]LogBuildPatchServices: Build Config: ActionType: Repair
[2022.07.17-04.24.04:558][ 35]LogBuildPatchServices: Build Config: CurrentManifest: EpicGamesLauncherContent ++Portal+Main+prod-CL-21111892-Windows (pzEw10w4TfVt4ZmFlJYWKa_X0e8)
[2022.07.17-04.24.04:558][ 35]LogBuildPatchServices: Build Config: InstallManifest: EpicGamesLauncherContent ++Portal+Main+prod-CL-21111892-Windows (pzEw10w4TfVt4ZmFlJYWKa_X0e8)
[2022.07.17-04.24.04:558][ 35]LogBuildPatchServices: Build Config: InstallTags: 
[2022.07.17-04.24.04:558][ 35]LogBuildPatchServices: Build Config: ValidTags: 
[2022.07.17-04.24.04:558][ 35]LogBuildPatchServices: Build Config: InstallDirectory: C:/ProgramData/Epic/EpicGamesLauncher/Data/EMS/EpicGamesLauncher/
[2022.07.17-04.24.04:558][ 35]LogBuildPatchServices: Build Config: StagingDirectory: C:/ProgramData/Epic/EpicGamesLauncher/Data/EMS/stage/
[2022.07.17-04.24.04:558][ 35]LogBuildPatchServices: Build Config: BackupDirectory: 
[2022.07.17-04.24.04:558][ 35]LogBuildPatchServices: Build Config: CloudDirectories: http://download.epicgames.com/Builds/UnrealEngineLauncher/CloudDir
[2022.07.17-04.24.04:558][ 35]LogBuildPatchServices: Build Config: CloudDirectories: http://download2.epicgames.com/Builds/UnrealEngineLauncher/CloudDir
[2022.07.17-04.24.04:558][ 35]LogBuildPatchServices: Build Config: CloudDirectories: http://download3.epicgames.com/Builds/UnrealEngineLauncher/CloudDir
[2022.07.17-04.24.04:558][ 35]LogBuildPatchServices: Build Config: CloudDirectories: http://download4.epicgames.com/Builds/UnrealEngineLauncher/CloudDir
[2022.07.17-04.24.04:558][ 35]LogBuildPatchServices: Build Config: CloudDirectories: http://epicgames-download1.akamaized.net/Builds/UnrealEngineLauncher/CloudDir
[2022.07.17-04.24.04:558][ 35]LogBuildPatchServices: Build Config: CloudDirectories: http://fastly-download.epicgames.com/Builds/UnrealEngineLauncher/CloudDir
[2022.07.17-04.24.04:558][ 35]LogBuildPatchServices: Build Config: InstallMode: NonDestructiveInstall
[2022.07.17-04.24.04:558][ 35]LogBuildPatchServices: Build Config: VerifyMode: ShaVerifyAllFiles
[2022.07.17-04.24.04:558][ 35]LogBuildPatchServices: Build Config: DeltaPolicy: Skip
[2022.07.17-04.24.04:558][ 35]LogBuildPatchServices: Build Config: bRunRequiredPrereqs: true
[2022.07.17-04.24.04:558][ 35]LogBuildPatchServices: Build Config: bAllowConcurrentExecution: false
[2022.07.17-04.24.04:558][ 35]LogBuildPatchServices: Build Config: DownloadRateLimitBps: 0
[2022.07.17-04.24.04:558][ 35]LogEmsContentProvider: Installer started.
[2022.07.17-04.24.04:637][ 37]LogBuildPatchServices: Starting Installation
[2022.07.17-04.24.04:637][ 37]LogBuildPatchServices: Requiring 0 files
[2022.07.17-04.24.05:101][ 47]BuildPatchResumeData file found: false
[2022.07.17-04.24.05:101][ 47]LogBuildPatchServices: Performing a repair operation
[2022.07.17-04.24.05:101][ 47]LogBuildPatchServices: File construction complete
[2022.07.17-04.24.05:194][ 49]LogBuildPatchServices: Staged install complete
[2022.07.17-04.24.05:194][ 49]LogBuildPatchServices: Running backup and stage relocation
[2022.07.17-04.24.05:194][ 49]LogBuildPatchServices: Relocation complete 1
[2022.07.17-04.24.05:241][ 50]LogBuildPatchServices: Verifying install
[2022.07.17-04.24.05:519][ 56]LogBuildPatchServices: Verify stage complete 1
[2022.07.17-04.24.05:519][ 56]LogBuildPatchServices: Deleting staging area.
[2022.07.17-04.24.05:519][ 56]LogBuildPatchServices: Reset MM.
[2022.07.17-04.24.05:519][ 56]LogBuildPatchServices: Build Stat: InstallerId: C8BD5A4E4382B3A72991FBB82688E041
[2022.07.17-04.24.05:519][ 56]LogBuildPatchServices: Build Stat: NumFilesInBuild: 572
[2022.07.17-04.24.05:519][ 56]LogBuildPatchServices: Build Stat: NumFilesOutdated: 0
[2022.07.17-04.24.05:519][ 56]LogBuildPatchServices: Build Stat: NumFilesToRemove: 0
[2022.07.17-04.24.05:519][ 56]LogBuildPatchServices: Build Stat: NumChunksRequired: 0
[2022.07.17-04.24.05:519][ 56]LogBuildPatchServices: Build Stat: ChunksQueuedForDownload: 0
[2022.07.17-04.24.05:519][ 56]LogBuildPatchServices: Build Stat: ChunksLocallyAvailable: 0
[2022.07.17-04.24.05:519][ 56]LogBuildPatchServices: Build Stat: ChunksInChunkDbs: 0
[2022.07.17-04.24.05:519][ 56]LogBuildPatchServices: Build Stat: NumChunksDownloaded: 0
[2022.07.17-04.24.05:519][ 56]LogBuildPatchServices: Build Stat: NumChunksRecycled: 0
[2022.07.17-04.24.05:519][ 56]LogBuildPatchServices: Build Stat: NumChunksReadFromChunkDbs: 0
[2022.07.17-04.24.05:519][ 56]LogBuildPatchServices: Build Stat: NumFailedDownloads: 0
[2022.07.17-04.24.05:519][ 56]LogBuildPatchServices: Build Stat: NumBadDownloads: 0
[2022.07.17-04.24.05:519][ 56]LogBuildPatchServices: Build Stat: NumAbortedDownloads: 0
[2022.07.17-04.24.05:519][ 56]LogBuildPatchServices: Build Stat: NumRecycleFailures: 0
[2022.07.17-04.24.05:519][ 56]LogBuildPatchServices: Build Stat: NumChunksStoreBooted: 0
[2022.07.17-04.24.05:519][ 56]LogBuildPatchServices: Build Stat: NumDriveStoreChunkLoads: 0
[2022.07.17-04.24.05:519][ 56]LogBuildPatchServices: Build Stat: NumDriveStoreLoadFailures: 0
[2022.07.17-04.24.05:519][ 56]LogBuildPatchServices: Build Stat: NumChunkDbChunksFailed: 0
[2022.07.17-04.24.05:519][ 56]LogBuildPatchServices: Build Stat: TotalDownloadedData: 0
[2022.07.17-04.24.05:519][ 56]LogBuildPatchServices: Build Stat: ActiveRequestCountPeak : 0
[2022.07.17-04.24.05:519][ 56]LogBuildPatchServices: Build Stat: AverageDownloadSpeed: 0 bytes (0 B, 0 B) /sec
[2022.07.17-04.24.05:519][ 56]LogBuildPatchServices: Build Stat: PeakDownloadSpeed: 0 bytes (0 B, 0 B) /sec
[2022.07.17-04.24.05:519][ 56]LogBuildPatchServices: Build Stat: TotalReadData: 105513794
[2022.07.17-04.24.05:519][ 56]LogBuildPatchServices: Build Stat: AverageDiskReadSpeed: 472,100,503.235 bytes (472.1 MB, 450.229 MiB) /sec
[2022.07.17-04.24.05:519][ 56]LogBuildPatchServices: Build Stat: PeakDiskReadSpeed: 472,100,503.235 bytes (472.1 MB, 450.229 MiB) /sec
[2022.07.17-04.24.05:519][ 56]LogBuildPatchServices: Build Stat: TotalWrittenData: 0
[2022.07.17-04.24.05:519][ 56]LogBuildPatchServices: Build Stat: AverageDiskWriteSpeed: 0 bytes (0 B, 0 B) /sec
[2022.07.17-04.24.05:519][ 56]LogBuildPatchServices: Build Stat: PeakDiskWriteSpeed: 0 bytes (0 B, 0 B) /sec
[2022.07.17-04.24.05:519][ 56]LogBuildPatchServices: Build Stat: NumFilesConstructed: 0
[2022.07.17-04.24.05:520][ 56]LogBuildPatchServices: Build Stat: InitializeTime: 634 ms
[2022.07.17-04.24.05:520][ 56]LogBuildPatchServices: Build Stat: TheoreticalDownloadTime: 0 ms
[2022.07.17-04.24.05:520][ 56]LogBuildPatchServices: Build Stat: ConstructTime: 0 ms
[2022.07.17-04.24.05:520][ 56]LogBuildPatchServices: Build Stat: UninstallActionTime: 0 ms
[2022.07.17-04.24.05:520][ 56]LogBuildPatchServices: Build Stat: MoveFromStageTime: 4 ms
[2022.07.17-04.24.05:520][ 56]LogBuildPatchServices: Build Stat: FileAttributesTime: 56 ms
[2022.07.17-04.24.05:520][ 56]LogBuildPatchServices: Build Stat: VerifyTime: 262 ms
[2022.07.17-04.24.05:520][ 56]LogBuildPatchServices: Build Stat: CleanUpTime: 2 ms
[2022.07.17-04.24.05:520][ 56]LogBuildPatchServices: Build Stat: PrereqTime: 0 ms
[2022.07.17-04.24.05:520][ 56]LogBuildPatchServices: Build Stat: ProcessPausedTime: 0 ms
[2022.07.17-04.24.05:520][ 56]LogBuildPatchServices: Build Stat: ProcessActiveTime: 961 ms
[2022.07.17-04.24.05:520][ 56]LogBuildPatchServices: Build Stat: ProcessExecuteTime: 961 ms
[2022.07.17-04.24.05:520][ 56]LogBuildPatchServices: Build Stat: ProcessSuccess: TRUE
[2022.07.17-04.24.05:520][ 56]LogBuildPatchServices: Build Stat: ErrorCode: OK
[2022.07.17-04.24.05:520][ 56]LogBuildPatchServices: Build Stat: FailureReasonText: The operation was successful.
[2022.07.17-04.24.05:520][ 56]LogBuildPatchServices: Build Stat: FailureType: NoError
[2022.07.17-04.24.05:520][ 56]LogBuildPatchServices: Build Stat: NumInstallRetries: 0
[2022.07.17-04.24.05:520][ 56]LogBuildPatchServices: Build Stat: FinalProgressValue: 1.000000
[2022.07.17-04.24.05:520][ 56]LogBuildPatchServices: Build Stat: OverallRequestSuccessRate: 0.000000
[2022.07.17-04.24.05:520][ 56]LogBuildPatchServices: Build Stat: ExcellentDownloadHealthTime: 0 ms
[2022.07.17-04.24.05:520][ 56]LogBuildPatchServices: Build Stat: GoodDownloadHealthTime: 0 ms
[2022.07.17-04.24.05:520][ 56]LogBuildPatchServices: Build Stat: OkDownloadHealthTime: 0 ms
[2022.07.17-04.24.05:520][ 56]LogBuildPatchServices: Build Stat: PoorDownloadHealthTime: 56 ms
[2022.07.17-04.24.05:520][ 56]LogBuildPatchServices: Build Stat: DisconnectedDownloadHealthTime: 0 ms
[2022.07.17-04.24.05:520][ 56]LogBuildPatchServices: Build Stat: AverageMemoryStoreUse: 0.0
[2022.07.17-04.24.05:520][ 56]LogBuildPatchServices: Build Stat: PeakMemoryStoreUse: 0
[2022.07.17-04.24.05:520][ 56]LogBuildPatchServices: Build Stat: AverageMemoryStoreRetained: 0.0
[2022.07.17-04.24.05:520][ 56]LogBuildPatchServices: Build Stat: PeakMemoryStoreRetained: 0
[2022.07.17-04.24.05:520][ 56]LogBuildPatchServices: Build Stat: MemoryStoreSize: 336
[2022.07.17-04.24.05:520][ 56]LogBuildPatchServices: Build Stat: ProcessRequiredDiskSpace: 0
[2022.07.17-04.24.05:520][ 56]LogBuildPatchServices: Build Stat: ProcessAvailableDiskSpace: 0
[2022.07.17-04.24.05:520][ 56]LogEmsContentProvider: Installer complete. Success:1.
[2022.07.17-04.24.05:523][ 56]LogEmsContentProvider: EMS setup completed with alert code: ok
[2022.07.17-04.24.05:523][ 56]LogEmsContentProvider: Waiting for next version update.
[2022.07.17-04.24.05:612][ 58]FAccountService::AutoSignIn
[2022.07.17-04.24.05:612][ 58]LogOnlineIdentity: OSS: Sending Login request. url=https://account-public-service-prod03.ol.epicgames.com/account, type=refresh, id=[REDACTED]
[2022.07.17-04.24.05:612][ 58]FCommunityPortalManagerImpl: Change State CPManagerState_WaitEms->CPManagerState_LoggingIn
[2022.07.17-04.24.05:892][ 64]LogOnlineIdentity: OSS: FOnlineIdentityMcp::HandleXmppConnectionCreated
[2022.07.17-04.24.07:937][108]FAccountService::OnLoginComplete - 0 TRUE d30f049e43fe4c0fb419e6d984f85f5b 
[2022.07.17-04.24.07:937][108]Portal: Constructing User Data Access Layer
[2022.07.17-04.24.07:937][108]Portal: Constructing User Domain Layer
[2022.07.17-04.24.07:968][108]LogWebBrowser: Registering ContextId=userdomain.
[2022.07.17-04.24.07:969][108]LogPortalCatalog: Error: FItemRepository(poodle)::RequestById(0912834051454acc91da3cb2c0bf232b) - Request for Item unfulfilled because neither an enumeration has happened or on demand mode been enabled.
[2022.07.17-04.24.07:969][108]LogPortalCatalog: Error: FItemRepository(poodle)::RequestById(1c95a571bdbe4d5790989ed9d81aecba) - Request for Item unfulfilled because neither an enumeration has happened or on demand mode been enabled.
[2022.07.17-04.24.07:969][108]LogPortalCatalog: Error: FItemRepository(poodle)::RequestById(1e19a8b901364ba58898dc84db51bb96) - Request for Item unfulfilled because neither an enumeration has happened or on demand mode been enabled.
[2022.07.17-04.24.07:969][108]LogPortalCatalog: Error: FItemRepository(poodle)::RequestById(a53695de856d489ba26b9ee240fc0769) - Request for Item unfulfilled because neither an enumeration has happened or on demand mode been enabled.
[2022.07.17-04.24.07:969][108]LogPortalCatalog: Error: FItemRepository(poodle)::RequestById(b0d851f9651b4a5888922123563bfbd1) - Request for Item unfulfilled because neither an enumeration has happened or on demand mode been enabled.
[2022.07.17-04.24.07:969][108]LogPortalCatalog: Error: FItemRepository(poodle)::RequestById(35ef1f5f526c4db6a6894794cf0b5e0f) - Request for Item unfulfilled because neither an enumeration has happened or on demand mode been enabled.
[2022.07.17-04.24.07:969][108]LogPortalCatalog: Error: FItemRepository(poodle)::RequestById(7cdcc11febb24c7a89058580d7d35d95) - Request for Item unfulfilled because neither an enumeration has happened or on demand mode been enabled.
[2022.07.17-04.24.07:969][108]LogPortalCatalog: Error: FItemRepository(poodle)::RequestById(9f36fa5c0acd4392b903e622a8339de0) - Request for Item unfulfilled because neither an enumeration has happened or on demand mode been enabled.
[2022.07.17-04.24.07:969][108]LogPortalCatalog: Error: FItemRepository(poodle)::RequestById(20c1539905fd466b8b821ce48f8b8c95) - Request for Item unfulfilled because neither an enumeration has happened or on demand mode been enabled.
[2022.07.17-04.24.07:969][108]LogPortalCatalog: Error: FItemRepository(poodle)::RequestById(388bd31c3dec4df8b525fc4405bae616) - Request for Item unfulfilled because neither an enumeration has happened or on demand mode been enabled.
[2022.07.17-04.24.07:969][108]LogPortalCatalog: Error: FItemRepository(poodle)::RequestById(ba03e8dfc19e45b1a370f07ed399c887) - Request for Item unfulfilled because neither an enumeration has happened or on demand mode been enabled.
[2022.07.17-04.24.07:969][108]LogPortalCatalog: Error: FItemRepository(poodle)::RequestById(1b576785bf00473daa66eb078a57a32e) - Request for Item unfulfilled because neither an enumeration has happened or on demand mode been enabled.
[2022.07.17-04.24.07:969][108]LogPortalCatalog: Error: FItemRepository(poodle)::RequestById(60da1f4fc5c6425e8d528919af40459a) - Request for Item unfulfilled because neither an enumeration has happened or on demand mode been enabled.
[2022.07.17-04.24.07:969][108]LogPortalCatalog: Error: FItemRepository(poodle)::RequestById(db2ac028dc1844f0a6ef62f9c5daee42) - Request for Item unfulfilled because neither an enumeration has happened or on demand mode been enabled.
[2022.07.17-04.24.07:969][108]LogPortalCatalog: Error: FItemRepository(poodle)::RequestById(a0230f273974460c8b5f7975350d20f1) - Request for Item unfulfilled because neither an enumeration has happened or on demand mode been enabled.
[2022.07.17-04.24.07:969][108]LogPortalCatalog: Error: FItemRepository(poodle)::RequestById(a6e024a657f84d4b976e5d7990c81bce) - Request for Item unfulfilled because neither an enumeration has happened or on demand mode been enabled.
[2022.07.17-04.24.07:969][108]LogPortalCatalog: Error: FItemRepository(poodle)::RequestById(7b443be3671842eeb181cc61facfe301) - Request for Item unfulfilled because neither an enumeration has happened or on demand mode been enabled.
[2022.07.17-04.24.07:969][108]LogRunningAppPresenceHandler: Display: No foreground apps with monitored presence: clearing override presence
[2022.07.17-04.24.08:015][108]LogPortalPublishTime: Loading playtime for item: 4fe75bbc5a674f4f9b356b5c90567da5 (Fortnite)
[2022.07.17-04.24.08:015][108]LogPortalPublishTime: 	Segment: 637936262437900000 - 637936262514050000
[2022.07.17-04.24.08:015][108]LogPortalPublishTime: Segment is the start of playtime
[2022.07.17-04.24.08:015][108]LogPortalPublishTime: 	Segment: 637936271619430000 - 637936271620440000
[2022.07.17-04.24.08:015][108]LogPortalPublishTime: Segment is the start of playtime
[2022.07.17-04.24.08:015][108]LogPortalPublishTime: 	Segment: 637936280288200000 - 637936280998570000
[2022.07.17-04.24.08:015][108]LogPortalPublishTime: Segment is the start of playtime
[2022.07.17-04.24.08:015][108]LogPortalPublishTime: Segment is the end of playtime
[2022.07.17-04.24.08:015][108]Portal: Constructing SysTrayUserPresentation Layer
[2022.07.17-04.24.08:199][108]Portal: Constructing User Presentation Layer
[2022.07.17-04.24.08:200][108]FUnrealEnginePortalViewModelImple_UpdateLauncherViewModel: LauncherViewModel is valid
[2022.07.17-04.24.08:202][108]FAccountService::OnLoginChanged - LoggedIn 0
[2022.07.17-04.24.08:202][108]LogOnlineParty: OSS: FOnlinePartySystemMcp::OnXmppLoginChanged - logged in user d30f049e43fe4c0fb419e6d984f85f5b
[2022.07.17-04.24.08:202][108]LogOnlineIdentity: OSS: FOnlineIdentityMcp::OnXmppLoginChanged d30f049e43fe4c0fb419e6d984f85f5b:prod.ol.epicgames.com:V2:launcher:WIN::EFCA32E44E8FD3950FCDADAD1F008F66 loggedin
[2022.07.17-04.24.08:206][109]FCommunityPortalManagerImpl: Change State CPManagerState_LoggingIn->CPManagerState_LaunchWebSession
[2022.07.17-04.24.08:207][109][SignInRouter] GoToUrl('/id/login')
[2022.07.17-04.24.08:207][109][SignInRouter]    Resolved To: '/id/login'
[2022.07.17-04.24.08:207][109][SignInRouter]    Best Match: invalid - [0] states compared
[2022.07.17-04.24.08:207][109][SignInRouter]    Navigation Canceled.
[2022.07.17-04.24.09:208][119]LogAutoUpdateService: CheckForUpdates: Service isn't ready to update yet: CanAutoUpdate: 0, AutoUpdatesEnabled: 1
[2022.07.17-04.24.09:627][128]LogInMessageService: Warning: HandleEpicConnectMessage(): Unrecognized message type 'core.connect.v1.connected'
[2022.07.17-04.24.10:372][144]FCommunityPortalManagerImpl: Change State CPManagerState_LaunchWebSession->CPManagerState_LaunchInfo
[2022.07.17-04.24.10:464][146]LogAutoUpdateService: CheckForUpdates: Service isn't ready to update yet: CanAutoUpdate: 0, AutoUpdatesEnabled: 1
[2022.07.17-04.24.11:471][168]FCommunityPortalManagerImpl: Change State CPManagerState_LaunchInfo->CPManagerState_Launch
[2022.07.17-04.24.11:486][168][SignInRouter] GoToUrl('/null')
[2022.07.17-04.24.11:486][168][SignInRouter]    Resolved To: '/null'
[2022.07.17-04.24.11:486][168][SignInRouter]    Best Match: invalid - [0] states compared
[2022.07.17-04.24.11:486][168][SignInRouter]    Navigation Canceled.
[2022.07.17-04.24.11:517][169]LogOnlineEula: Display: OSS: Starting EulaService::GetAgreement request for key fn user d30f049e43fe4c0fb419e6d984f85f5b
[2022.07.17-04.24.11:848][176]FNotificationService: Deferring 1 notifications for 5.000000 seconds - we're not allowed to show them now.
[2022.07.17-04.24.12:493][190]LogOnlineEula: Display: OSS: EulaService::GetAgreement request complete. url=https://eulatracking-public-service-prod06.ol.epicgames.com/eulatracking/api/public/agreements/fn/account/d30f049e43fe4c0fb419e6d984f85f5b?locale=en code=204 key=fn responselength=0
[2022.07.17-04.24.12:493][190]LogOnlineEula: Display: OSS: EulaService::GetAgreement user has already accepted the agreement fn (no content)
[2022.07.17-04.24.12:540][191]LogCloudSync: Cloud Sync: Sync Started for fn:4fe75bbc5a674f4f9b356b5c90567da5:Fortnite
[2022.07.17-04.24.12:542][191]LogCloudSync: Cloud Sync: Exiting Cloud Sync - SUCCESS - AppName: fn:4fe75bbc5a674f4f9b356b5c90567da5:Fortnite
[2022.07.17-04.24.13:657][215]FCommunityPortalLaunchAppTask: Preparing to launch app 'C:/Fortnite/FortniteGame/Binaries/Win64/FortniteLauncher.exe' with commandline ' -obfuscationid=bpNRNFKwTd3rx4u8xU6WpplIF-dnxw -AUTH_LOGIN=unused -AUTH_PASSWORD=da516580f47647fb8396d84e93eda419 -AUTH_TYPE=exchangecode -epicapp=Fortnite -epicenv=Prod -EpicPortal  -epicusername="Srinifish-YT" -epicuserid=d30f049e43fe4c0fb419e6d984f85f5b -epiclocale=en -epicsandboxid=fn'
[2022.07.17-04.24.13:657][215]FCommunityPortalLaunchAppTask: Launching app 'C:/Fortnite/FortniteGame/Binaries/Win64/FortniteLauncher.exe' with commandline ' -obfuscationid=bpNRNFKwTd3rx4u8xU6WpplIF-dnxw -AUTH_LOGIN=unused -AUTH_PASSWORD=da516580f47647fb8396d84e93eda419 -AUTH_TYPE=exchangecode -epicapp=Fortnite -epicenv=Prod -EpicPortal  -epicusername="Srinifish-YT" -epicuserid=d30f049e43fe4c0fb419e6d984f85f5b -epiclocale=en -epicsandboxid=fn'
[2022.07.17-04.24.13:661][215]LogRunningAppService: Display: New foreground process [26584] C:/Fortnite/FortniteGame/Binaries/Win64/FortniteLauncher.exe for app C:\Fortnite
[2022.07.17-04.24.13:661][215]LogRunningAppService: Display: New foreground app C:\Fortnite
[2022.07.17-04.24.13:662][215]LogRunningAppPresenceHandler: Display: Setting override presence for C:\Fortnite (PresenceId=fn)
[2022.07.17-04.24.14:678][237]LogPortalPublishTime: Started tracking playtime for fn:4fe75bbc5a674f4f9b356b5c90567da5:Fortnite
[2022.07.17-04.24.21:887][393]LogSlate: Request Window '' being destroyed
[2022.07.17-04.25.08:222][387]LogRunningAppService: Display: New foreground process [14136] C:/Fortnite/FortniteGame/Binaries/Win64/FortniteClient-Win64-Shipping_EAC.exe for app C:\Fortnite
[2022.07.17-04.25.08:222][387]LogRunningAppService: Display: New foreground process [10216] C:/Fortnite/FortniteGame/Binaries/Win64/FortniteClient-Win64-Shipping.exe for app C:\Fortnite
[2022.07.17-04.25.08:222][387]LogRunningAppService: Display: New foreground process [19604] C:/Fortnite/Engine/Binaries/Win64/CrashReportClient.exe for app C:\Fortnite
[2022.07.17-04.25.17:054][577]LogRunningAppService: Display: Dead foreground process [26584] C:/Fortnite/FortniteGame/Binaries/Win64/FortniteLauncher.exe for app C:\Fortnite
[2022.07.17-04.25.17:054][577]LogRunningAppService: Display: Dead foreground process [14136] C:/Fortnite/FortniteGame/Binaries/Win64/FortniteClient-Win64-Shipping_EAC.exe for app C:\Fortnite
[2022.07.17-04.25.17:054][577]LogRunningAppService: Display: Dead foreground process [10216] C:/Fortnite/FortniteGame/Binaries/Win64/FortniteClient-Win64-Shipping.exe for app C:\Fortnite
[2022.07.17-04.25.17:139][579]LogPortalPublishTime: Add playtime segment: 637936286546780000 - 637936287171390000 for item: 4fe75bbc5a674f4f9b356b5c90567da5 (Fortnite)
[2022.07.17-04.25.17:139][579]LogPortalPublishTime: Stopped tracking playtime for fn:4fe75bbc5a674f4f9b356b5c90567da5:Fortnite
[2022.07.17-04.25.18:114][600]LogPortalPublishTime: Publish Successful, Removing the following time segments:
[2022.07.17-04.25.18:114][600]LogPortalPublishTime: ---------------------------------------
[2022.07.17-04.25.18:114][600]LogPortalPublishTime:        Fortnite
[2022.07.17-04.25.18:114][600]LogPortalPublishTime:        Date:2022.07.17-03.44.03 Minutes:0.126917
[2022.07.17-04.25.18:114][600]LogPortalPublishTime:        Segment: 637936262437900000 - 637936262514050000
[2022.07.17-04.25.18:114][600]LogPortalPublishTime: Start segment.
[2022.07.17-04.25.18:114][600]LogPortalPublishTime: Remove playtime segment: 637936262437900000 - 637936262514050000 for item: 4fe75bbc5a674f4f9b356b5c90567da5 (Fortnite)
[2022.07.17-04.25.18:114][600]LogPortalPublishTime: Update partial reported segment for app: 4fe75bbc5a674f4f9b356b5c90567da5 (Fortnite)
[2022.07.17-04.25.18:114][600]LogPortalPublishTime: Segment: 637936271619430000 - 637936271620440000
[2022.07.17-04.25.18:114][600]LogPortalPublishTime: RemovedSegment: 637936262437900000 - 637936262514050000
[2022.07.17-04.25.18:114][600]LogPortalPublishTime: Segment: 637936280288200000 - 637936280998570000
[2022.07.17-04.25.18:114][600]LogPortalPublishTime: RemovedSegment: 637936262437900000 - 637936262514050000
[2022.07.17-04.25.18:114][600]LogPortalPublishTime: Segment: 637936286546780000 - 637936287171390000
[2022.07.17-04.25.18:114][600]LogPortalPublishTime: RemovedSegment: 637936262437900000 - 637936262514050000
[2022.07.17-04.25.18:114][600]LogPortalPublishTime: ---------------------------------------
[2022.07.17-04.25.18:114][600]LogPortalPublishTime:        Fortnite
[2022.07.17-04.25.18:114][600]LogPortalPublishTime:        Date:2022.07.17-03.59.21 Minutes:0.001683
[2022.07.17-04.25.18:114][600]LogPortalPublishTime:        Segment: 637936271619430000 - 637936271620440000
[2022.07.17-04.25.18:114][600]LogPortalPublishTime: Start segment.
[2022.07.17-04.25.18:114][600]LogPortalPublishTime: Remove playtime segment: 637936271619430000 - 637936271620440000 for item: 4fe75bbc5a674f4f9b356b5c90567da5 (Fortnite)
[2022.07.17-04.25.18:114][600]LogPortalPublishTime: Update partial reported segment for app: 4fe75bbc5a674f4f9b356b5c90567da5 (Fortnite)
[2022.07.17-04.25.18:114][600]LogPortalPublishTime: Segment: 637936280288200000 - 637936280998570000
[2022.07.17-04.25.18:114][600]LogPortalPublishTime: RemovedSegment: 637936271619430000 - 637936271620440000
[2022.07.17-04.25.18:114][600]LogPortalPublishTime: Segment: 637936286546780000 - 637936287171390000
[2022.07.17-04.25.18:114][600]LogPortalPublishTime: RemovedSegment: 637936271619430000 - 637936271620440000
[2022.07.17-04.25.18:114][600]LogPortalPublishTime: ---------------------------------------
[2022.07.17-04.25.18:114][600]LogPortalPublishTime:        Fortnite
[2022.07.17-04.25.18:114][600]LogPortalPublishTime:        Date:2022.07.17-04.13.48 Minutes:1.183950
[2022.07.17-04.25.18:114][600]LogPortalPublishTime:        Segment: 637936280288200000 - 637936280998570000
[2022.07.17-04.25.18:114][600]LogPortalPublishTime: End segment.
[2022.07.17-04.25.18:114][600]LogPortalPublishTime: Start segment.
[2022.07.17-04.25.18:114][600]LogPortalPublishTime: Remove playtime segment: 637936280288200000 - 637936280998570000 for item: 4fe75bbc5a674f4f9b356b5c90567da5 (Fortnite)
[2022.07.17-04.25.18:114][600]LogPortalPublishTime: Update partial reported segment for app: 4fe75bbc5a674f4f9b356b5c90567da5 (Fortnite)
[2022.07.17-04.25.18:114][600]LogPortalPublishTime: Segment: 637936286546780000 - 637936287171390000
[2022.07.17-04.25.18:114][600]LogPortalPublishTime: RemovedSegment: 637936280288200000 - 637936280998570000
[2022.07.17-04.25.18:114][600]LogPortalPublishTime: ---------------------------------------
[2022.07.17-04.25.18:114][600]LogPortalPublishTime:        Fortnite
[2022.07.17-04.25.18:114][600]LogPortalPublishTime:        Date:2022.07.17-04.24.14 Minutes:1.041017
[2022.07.17-04.25.18:114][600]LogPortalPublishTime:        Segment: 637936286546780000 - 637936287171390000
[2022.07.17-04.25.18:114][600]LogPortalPublishTime: End segment.
[2022.07.17-04.25.18:114][600]LogPortalPublishTime: Start segment.
[2022.07.17-04.25.18:114][600]LogPortalPublishTime: Remove playtime segment: 637936286546780000 - 637936287171390000 for item: 4fe75bbc5a674f4f9b356b5c90567da5 (Fortnite)
[2022.07.17-04.25.18:114][600]LogPortalPublishTime: Update partial reported segment for app: 4fe75bbc5a674f4f9b356b5c90567da5 (Fortnite)
[2022.07.17-04.25.18:114][600]LogPortalPublishTime: Removeing 4fe75bbc5a674f4f9b356b5c90567da5 (Fortnite) app entry from from timespan map
[2022.07.17-04.25.18:114][600]LogPortalPublishTime: ---------------------------------------
[2022.07.17-04.25.18:681][612]LogRunningAppService: Display: Dead foreground process [19604] C:/Fortnite/Engine/Binaries/Win64/CrashReportClient.exe for app C:\Fortnite
[2022.07.17-04.25.18:681][612]LogRunningAppService: Display: App C:\Fortnite moved from foreground to dead
[2022.07.17-04.25.18:681][612]LogRunningAppPresenceHandler: Display: No foreground apps with monitored presence: clearing override presence
[2022.07.17-04.25.18:681][612]LogCloudSync: Cloud Sync: Sync Started for fn:4fe75bbc5a674f4f9b356b5c90567da5:Fortnite
[2022.07.17-04.25.18:683][612]LogCloudSync: Cloud Sync: Exiting Cloud Sync - SUCCESS - AppName: fn:4fe75bbc5a674f4f9b356b5c90567da5:Fortnite
[2022.07.17-04.25.18:718][613]LogOnlineEula: Display: OSS: Starting EulaService::GetAgreement request for key fn user d30f049e43fe4c0fb419e6d984f85f5b
[2022.07.17-04.25.19:599][632]LogOnlineEula: Display: OSS: EulaService::GetAgreement request complete. url=https://eulatracking-public-service-prod06.ol.epicgames.com/eulatracking/api/public/agreements/fn/account/d30f049e43fe4c0fb419e6d984f85f5b?locale=en code=204 key=fn responselength=0
[2022.07.17-04.25.19:599][632]LogOnlineEula: Display: OSS: EulaService::GetAgreement user has already accepted the agreement fn (no content)
[2022.07.17-04.25.19:645][633]LogCloudSync: Cloud Sync: Sync Started for fn:4fe75bbc5a674f4f9b356b5c90567da5:Fortnite
[2022.07.17-04.25.19:647][633]LogCloudSync: Cloud Sync: Exiting Cloud Sync - SUCCESS - AppName: fn:4fe75bbc5a674f4f9b356b5c90567da5:Fortnite
[2022.07.17-04.25.21:487][673]FCommunityPortalLaunchAppTask: Preparing to launch app 'C:/Fortnite/FortniteGame/Binaries/Win64/FortniteLauncher.exe' with commandline ' -obfuscationid=bpNRNFKwTd3rx4u8xU6WpplIF-dnxw -AUTH_LOGIN=unused -AUTH_PASSWORD=7b86c89aaf7548a7a0fa5410ed3716b1 -AUTH_TYPE=exchangecode -epicapp=Fortnite -epicenv=Prod -EpicPortal  -epicusername="Srinifish-YT" -epicuserid=d30f049e43fe4c0fb419e6d984f85f5b -epiclocale=en -epicsandboxid=fn'
[2022.07.17-04.25.21:487][673]FCommunityPortalLaunchAppTask: Launching app 'C:/Fortnite/FortniteGame/Binaries/Win64/FortniteLauncher.exe' with commandline ' -obfuscationid=bpNRNFKwTd3rx4u8xU6WpplIF-dnxw -AUTH_LOGIN=unused -AUTH_PASSWORD=7b86c89aaf7548a7a0fa5410ed3716b1 -AUTH_TYPE=exchangecode -epicapp=Fortnite -epicenv=Prod -EpicPortal  -epicusername="Srinifish-YT" -epicuserid=d30f049e43fe4c0fb419e6d984f85f5b -epiclocale=en -epicsandboxid=fn'
[2022.07.17-04.25.21:491][673]LogRunningAppService: Display: New foreground process [19184] C:/Fortnite/FortniteGame/Binaries/Win64/FortniteLauncher.exe for app C:\Fortnite
[2022.07.17-04.25.21:491][673]LogRunningAppService: Display: New foreground app C:\Fortnite
[2022.07.17-04.25.21:491][673]LogRunningAppPresenceHandler: Display: Setting override presence for C:\Fortnite (PresenceId=fn)
[2022.07.17-04.25.22:506][695]LogPortalPublishTime: Started tracking playtime for fn:4fe75bbc5a674f4f9b356b5c90567da5:Fortnite
[2022.07.17-04.26.05:195][611]LogRunningAppService: Display: Dead foreground process [19184] C:/Fortnite/FortniteGame/Binaries/Win64/FortniteLauncher.exe for app C:\Fortnite
[2022.07.17-04.26.05:195][611]LogRunningAppService: Display: New foreground process [18640] C:/Fortnite/Engine/Binaries/Win64/CrashReportClient.exe for app C:\Fortnite
[2022.07.17-04.26.07:051][651]LogRunningAppService: Display: Dead foreground process [18640] C:/Fortnite/Engine/Binaries/Win64/CrashReportClient.exe for app C:\Fortnite
[2022.07.17-04.26.09:371][701]LogPortalPublishTime: Create playtime timespan. Item: 4fe75bbc5a674f4f9b356b5c90567da5 (Fortnite) with segments:
[2022.07.17-04.26.09:371][701]LogPortalPublishTime: 	Segment: 637936287225060000 - 637936287693710000
[2022.07.17-04.26.09:371][701]LogPortalPublishTime: Segment is the start of playtime
[2022.07.17-04.26.09:371][701]LogPortalPublishTime: Stopped tracking playtime for fn:4fe75bbc5a674f4f9b356b5c90567da5:Fortnite
[2022.07.17-04.26.09:371][701]LogRunningAppService: Display: App C:\Fortnite moved from foreground to dead
[2022.07.17-04.26.09:371][701]LogRunningAppPresenceHandler: Display: No foreground apps with monitored presence: clearing override presence
[2022.07.17-04.26.09:371][701]LogCloudSync: Cloud Sync: Sync Started for fn:4fe75bbc5a674f4f9b356b5c90567da5:Fortnite
[2022.07.17-04.26.09:373][701]LogCloudSync: Cloud Sync: Exiting Cloud Sync - SUCCESS - AppName: fn:4fe75bbc5a674f4f9b356b5c90567da5:Fortnite
[2022.07.17-04.26.09:501][704]LogOnlineEula: Display: OSS: Starting EulaService::GetAgreement request for key fn user d30f049e43fe4c0fb419e6d984f85f5b
[2022.07.17-04.26.09:687][708]LogPortalPublishTime: Publish Successful, Removing the following time segments:
[2022.07.17-04.26.09:687][708]LogPortalPublishTime: ---------------------------------------
[2022.07.17-04.26.09:687][708]LogPortalPublishTime:        Fortnite
[2022.07.17-04.26.09:687][708]LogPortalPublishTime:        Date:2022.07.17-04.25.22 Minutes:0.781083
[2022.07.17-04.26.09:687][708]LogPortalPublishTime:        Segment: 637936287225060000 - 637936287693710000
[2022.07.17-04.26.09:687][708]LogPortalPublishTime: End segment.
[2022.07.17-04.26.09:687][708]LogPortalPublishTime: Start segment.
[2022.07.17-04.26.09:687][708]LogPortalPublishTime: Remove playtime segment: 637936287225060000 - 637936287693710000 for item: 4fe75bbc5a674f4f9b356b5c90567da5 (Fortnite)
[2022.07.17-04.26.09:687][708]LogPortalPublishTime: Update partial reported segment for app: 4fe75bbc5a674f4f9b356b5c90567da5 (Fortnite)
[2022.07.17-04.26.09:687][708]LogPortalPublishTime: Removeing 4fe75bbc5a674f4f9b356b5c90567da5 (Fortnite) app entry from from timespan map
[2022.07.17-04.26.09:687][708]LogPortalPublishTime: ---------------------------------------
[2022.07.17-04.26.09:780][710]LogOnlineEula: Display: OSS: EulaService::GetAgreement request complete. url=https://eulatracking-public-service-prod06.ol.epicgames.com/eulatracking/api/public/agreements/fn/account/d30f049e43fe4c0fb419e6d984f85f5b?locale=en code=204 key=fn responselength=0
[2022.07.17-04.26.09:780][710]LogOnlineEula: Display: OSS: EulaService::GetAgreement user has already accepted the agreement fn (no content)
[2022.07.17-04.26.09:827][711]LogCloudSync: Cloud Sync: Sync Started for fn:4fe75bbc5a674f4f9b356b5c90567da5:Fortnite
[2022.07.17-04.26.09:829][711]LogCloudSync: Cloud Sync: Exiting Cloud Sync - SUCCESS - AppName: fn:4fe75bbc5a674f4f9b356b5c90567da5:Fortnite
[2022.07.17-04.26.11:408][745]FCommunityPortalLaunchAppTask: Preparing to launch app 'C:/Fortnite/FortniteGame/Binaries/Win64/FortniteLauncher.exe' with commandline ' -obfuscationid=bpNRNFKwTd3rx4u8xU6WpplIF-dnxw -AUTH_LOGIN=unused -AUTH_PASSWORD=209112159a724a878c00c5c972e243d7 -AUTH_TYPE=exchangecode -epicapp=Fortnite -epicenv=Prod -EpicPortal  -epicusername="Srinifish-YT" -epicuserid=d30f049e43fe4c0fb419e6d984f85f5b -epiclocale=en -epicsandboxid=fn'
[2022.07.17-04.26.11:409][745]FCommunityPortalLaunchAppTask: Launching app 'C:/Fortnite/FortniteGame/Binaries/Win64/FortniteLauncher.exe' with commandline ' -obfuscationid=bpNRNFKwTd3rx4u8xU6WpplIF-dnxw -AUTH_LOGIN=unused -AUTH_PASSWORD=209112159a724a878c00c5c972e243d7 -AUTH_TYPE=exchangecode -epicapp=Fortnite -epicenv=Prod -EpicPortal  -epicusername="Srinifish-YT" -epicuserid=d30f049e43fe4c0fb419e6d984f85f5b -epiclocale=en -epicsandboxid=fn'
[2022.07.17-04.26.11:411][745]LogRunningAppService: Display: New foreground process [19844] C:/Fortnite/FortniteGame/Binaries/Win64/FortniteLauncher.exe for app C:\Fortnite
[2022.07.17-04.26.11:411][745]LogRunningAppService: Display: New foreground app C:\Fortnite
[2022.07.17-04.26.11:411][745]LogRunningAppPresenceHandler: Display: Setting override presence for C:\Fortnite (PresenceId=fn)
[2022.07.17-04.26.13:452][789]LogPortalPublishTime: Started tracking playtime for fn:4fe75bbc5a674f4f9b356b5c90567da5:Fortnite
[2022.07.17-04.27.07:950][945]LogPortalPublishTime: Create playtime timespan. Item: 4fe75bbc5a674f4f9b356b5c90567da5 (Fortnite) with segments:
[2022.07.17-04.27.17:964][945]LogPortalPublishTime: 	Segment: 637936287734520000 - 637936288279500000
[2022.07.17-04.27.27:978][945]LogPortalPublishTime: Segment is the start of playtime
[2022.07.17-04.27.37:979][945]LogPortalPublishTime: Saving playtime for item: 4fe75bbc5a674f4f9b356b5c90567da5 (Fortnite)
[2022.07.17-04.27.47:982][945]LogPortalPublishTime: 	Segment: 637936287734520000 - 637936288279500000
[2022.07.17-04.27.57:984][945]LogPortalPublishTime: Segment is the start of playtime
[2022.07.17-04.28.08:007][946]LogRunningAppService: Display: Dead foreground process [19844] C:/Fortnite/FortniteGame/Binaries/Win64/FortniteLauncher.exe for app C:\Fortnite
[2022.07.17-04.28.08:007][946]LogRunningAppService: Display: New foreground process [1168] C:/Fortnite/Engine/Binaries/Win64/CrashReportClient.exe for app C:\Fortnite
[2022.07.17-04.28.08:007][946]LogRunningAppService: Display: New foreground process [28616] C:/Fortnite/Engine/Binaries/Win64/CrashReportClient.exe for app C:\Fortnite
[2022.07.17-04.28.08:272][946]LogRunningAppService: Display: Dead foreground process [28616] C:/Fortnite/Engine/Binaries/Win64/CrashReportClient.exe for app C:\Fortnite
[2022.07.17-04.28.09:208][967]LogRunningAppService: Display: Dead foreground process [1168] C:/Fortnite/Engine/Binaries/Win64/CrashReportClient.exe for app C:\Fortnite
[2022.07.17-04.28.09:208][967]LogPortalPublishTime: Extending playtime segment: 637936287734520000 - 637936288279500000 (new: 637936288892080000) for app 4fe75bbc5a674f4f9b356b5c90567da5 (Fortnite)
[2022.07.17-04.28.09:208][967]LogPortalPublishTime: Stopped tracking playtime for fn:4fe75bbc5a674f4f9b356b5c90567da5:Fortnite
[2022.07.17-04.28.09:208][967]LogRunningAppService: Display: App C:\Fortnite moved from foreground to dead
[2022.07.17-04.28.09:209][967]LogRunningAppPresenceHandler: Display: No foreground apps with monitored presence: clearing override presence
[2022.07.17-04.28.09:209][967]LogCloudSync: Cloud Sync: Sync Started for fn:4fe75bbc5a674f4f9b356b5c90567da5:Fortnite
[2022.07.17-04.28.09:211][967]LogCloudSync: Cloud Sync: Exiting Cloud Sync - SUCCESS - AppName: fn:4fe75bbc5a674f4f9b356b5c90567da5:Fortnite
[2022.07.17-04.28.09:391][971]LogInMessageService: Warning: HandleEpicConnectMessage(): Unrecognized message type 'core.connect.v1.connected'
