[3A6C:496C][2022-04-19T19:52:28]i001: Burn v3.8.1128.0, Windows v6.3 (Build 9600: Service Pack 0), path: D:\Games\Epic Games\Launcher\Portal\SelfUpdateStaging\Install\Portal\Extras\Redist\LauncherPrereqSetup_x64.exe, cmdline: '/quiet /log "C:/Users/srink/AppData/Local/EpicGamesLauncher/Saved/Logs/SelfUpdatePrereqInstall.log" -burn.unelevated BurnPipe.{CA70D871-88B2-4395-A3B2-504F1A5569DF} {6F39BBEB-2E07-4C92-8E52-303285CA70BD} 6224'
[3A6C:496C][2022-04-19T19:52:28]i000: Setting string variable 'WixBundleLog' to value 'C:/Users/srink/AppData/Local/EpicGamesLauncher/Saved/Logs/SelfUpdatePrereqInstall.log'
[3A6C:496C][2022-04-19T19:52:28]i000: Setting string variable 'WixBundleOriginalSource' to value 'D:\Games\Epic Games\Launcher\Portal\SelfUpdateStaging\Install\Portal\Extras\Redist\LauncherPrereqSetup_x64.exe'
[3A6C:496C][2022-04-19T19:52:28]i000: Setting string variable 'WixBundleName' to value 'Launcher Prerequisites (x64)'
[3A6C:496C][2022-04-19T19:52:28]i100: Detect begin, 1 packages
[3A6C:496C][2022-04-19T19:52:28]i103: Detected related package: {FAC47927-1A6A-4C6E-AD7D-E9756794A4BC}, scope: PerMachine, version: 1.3.23.0, language: 0 operation: MajorUpgrade
[3A6C:496C][2022-04-19T19:52:28]i101: Detected package: PortalPrereqSetup, state: Absent, cached: None
[3A6C:496C][2022-04-19T19:52:28]i052: Condition 'VersionNT64' evaluates to true.
[3A6C:496C][2022-04-19T19:52:28]i199: Detect complete, result: 0x0
[3A6C:496C][2022-04-19T19:52:28]i200: Plan begin, 1 packages, action: Install
[3A6C:496C][2022-04-19T19:52:28]i000: Setting string variable 'WixBundleRollbackLog_PortalPrereqSetup' to value 'C:/Users/srink/AppData/Local/EpicGamesLauncher/Saved/Logs/SelfUpdatePrereqInstall_0_PortalPrereqSetup_rollback.log'
[3A6C:496C][2022-04-19T19:52:28]i000: Setting string variable 'WixBundleLog_PortalPrereqSetup' to value 'C:/Users/srink/AppData/Local/EpicGamesLauncher/Saved/Logs/SelfUpdatePrereqInstall_0_PortalPrereqSetup.log'
[3A6C:496C][2022-04-19T19:52:28]i201: Planned package: PortalPrereqSetup, state: Absent, default requested: Present, ba requested: Present, execute: Install, rollback: Uninstall, cache: Yes, uncache: No, dependency: Register
[3A6C:496C][2022-04-19T19:52:28]i299: Plan complete, result: 0x0
[3A6C:496C][2022-04-19T19:52:28]i300: Apply begin
[1850:398C][2022-04-19T19:52:28]i000: Caching bundle from: 'C:\Users\srink\AppData\Local\Temp\{43a03b9c-4770-409c-a999-587b60700b63}\.be\LauncherPrereqSetup_x64.exe' to: 'C:\ProgramData\Package Cache\{43a03b9c-4770-409c-a999-587b60700b63}\LauncherPrereqSetup_x64.exe'
[1850:398C][2022-04-19T19:52:28]i320: Registering bundle dependency provider: {43a03b9c-4770-409c-a999-587b60700b63}, version: 1.0.0.0
[1850:41C0][2022-04-19T19:52:29]i305: Verified acquired payload: PortalPrereqSetup at path: C:\ProgramData\Package Cache\.unverified\PortalPrereqSetup, moving to: C:\ProgramData\Package Cache\{F9C5C994-F6B9-4D75-B3E7-AD01B84073E9}v1.0.0.0\LauncherPrereqSetup_x64.msi.
[1850:398C][2022-04-19T19:52:29]i323: Registering package dependency provider: {F9C5C994-F6B9-4D75-B3E7-AD01B84073E9}, version: 1.0.0.0, package: PortalPrereqSetup
[1850:398C][2022-04-19T19:52:29]i301: Applying execute package: PortalPrereqSetup, action: Install, path: C:\ProgramData\Package Cache\{F9C5C994-F6B9-4D75-B3E7-AD01B84073E9}v1.0.0.0\LauncherPrereqSetup_x64.msi, arguments: ''
[3A6C:496C][2022-04-19T19:52:34]i319: Applied execute package: PortalPrereqSetup, result: 0x0, restart: None
[1850:398C][2022-04-19T19:52:34]i325: Registering dependency: {43a03b9c-4770-409c-a999-587b60700b63} on package provider: {F9C5C994-F6B9-4D75-B3E7-AD01B84073E9}, package: PortalPrereqSetup
[3A6C:496C][2022-04-19T19:52:34]i399: Apply complete, result: 0x0, restart: None, ba requested restart:  No
[3A6C:496C][2022-04-19T19:52:34]i500: Shutting down, exit code: 0x0
[3A6C:496C][2022-04-19T19:52:34]i410: Variable: VersionNT64 = 10.0.0.0
[3A6C:496C][2022-04-19T19:52:34]i410: Variable: WixBundleAction = 4
[3A6C:496C][2022-04-19T19:52:34]i410: Variable: WixBundleElevated = 1
[3A6C:496C][2022-04-19T19:52:34]i410: Variable: WixBundleInstalled = 0
[3A6C:496C][2022-04-19T19:52:34]i410: Variable: WixBundleLog = C:/Users/srink/AppData/Local/EpicGamesLauncher/Saved/Logs/SelfUpdatePrereqInstall.log
[3A6C:496C][2022-04-19T19:52:34]i410: Variable: WixBundleLog_PortalPrereqSetup = C:/Users/srink/AppData/Local/EpicGamesLauncher/Saved/Logs/SelfUpdatePrereqInstall_0_PortalPrereqSetup.log
[3A6C:496C][2022-04-19T19:52:34]i410: Variable: WixBundleManufacturer = Epic Games, Inc.
[3A6C:496C][2022-04-19T19:52:34]i410: Variable: WixBundleName = Launcher Prerequisites (x64)
[3A6C:496C][2022-04-19T19:52:34]i410: Variable: WixBundleOriginalSource = D:\Games\Epic Games\Launcher\Portal\SelfUpdateStaging\Install\Portal\Extras\Redist\LauncherPrereqSetup_x64.exe
[3A6C:496C][2022-04-19T19:52:34]i410: Variable: WixBundleProviderKey = {43a03b9c-4770-409c-a999-587b60700b63}
[3A6C:496C][2022-04-19T19:52:34]i410: Variable: WixBundleRollbackLog_PortalPrereqSetup = C:/Users/srink/AppData/Local/EpicGamesLauncher/Saved/Logs/SelfUpdatePrereqInstall_0_PortalPrereqSetup_rollback.log
[3A6C:496C][2022-04-19T19:52:34]i410: Variable: WixBundleTag = 
[3A6C:496C][2022-04-19T19:52:34]i410: Variable: WixBundleVersion = 1.0.0.0
[3A6C:496C][2022-04-19T19:52:34]i007: Exit code: 0x0, restarting: No
